2026-05-13 10:51:06 | INFO | P02 | === RUN START ===
2026-05-13 10:51:06 | INFO | P02 | project=P02
2026-05-13 10:51:06 | INFO | P02 | repo_dir=datafun-02-automation
2026-05-13 10:51:06 | INFO | P02 | python=3.14.0
2026-05-13 10:51:06 | INFO | P02 | os=Windows 11
2026-05-13 10:51:06 | INFO | P02 | shell=powershell
2026-05-13 10:51:06 | INFO | P02 | cwd=.
2026-05-13 10:51:06 | INFO | P02 | github_actions=False
2026-05-13 10:51:06 | INFO | P02 | ========================
2026-05-13 10:51:06 | INFO | P02 | START main()
2026-05-13 10:51:06 | INFO | P02 | ========================
2026-05-13 10:51:06 | INFO | P02 | ========================
2026-05-13 10:51:06 | INFO | P02 | FUNCTION 1: for loop over a numeric range
2026-05-13 10:51:06 | INFO | P02 | ========================
2026-05-13 10:51:06 | INFO | P02 | First quarter: 1
2026-05-13 10:51:06 | INFO | P02 | Last quarter:  4
2026-05-13 10:51:06 | INFO | P02 | Wrote file: case_quarter_1.txt
2026-05-13 10:51:06 | INFO | P02 | Wrote file: case_quarter_2.txt
2026-05-13 10:51:06 | INFO | P02 | Wrote file: case_quarter_3.txt
2026-05-13 10:51:06 | INFO | P02 | Wrote file: case_quarter_4.txt
2026-05-13 10:51:06 | INFO | P02 | ========================
2026-05-13 10:51:06 | INFO | P02 | FUNCTION 2: for loop over a list
2026-05-13 10:51:06 | INFO | P02 | ========================
2026-05-13 10:51:06 | INFO | P02 | Pet list: ['dog', 'cat', 'fish']
2026-05-13 10:51:06 | INFO | P02 | Wrote file: case_dog.txt
2026-05-13 10:51:06 | INFO | P02 | Wrote file: case_cat.txt
2026-05-13 10:51:06 | INFO | P02 | Wrote file: case_fish.txt
2026-05-13 10:51:06 | INFO | P02 | ========================
2026-05-13 10:51:06 | INFO | P02 | FUNCTION 3: list comprehension
2026-05-13 10:51:06 | INFO | P02 | ========================
2026-05-13 10:51:06 | INFO | P02 | Original list: ['dog', 'cat', 'fish']
2026-05-13 10:51:06 | INFO | P02 | Transformed list: ['favorite_dog', 'favorite_cat', 'favorite_fish']
2026-05-13 10:51:06 | INFO | P02 | Wrote file: case_favorite_dog.txt
2026-05-13 10:51:06 | INFO | P02 | Wrote file: case_favorite_cat.txt
2026-05-13 10:51:06 | INFO | P02 | Wrote file: case_favorite_fish.txt
2026-05-13 10:51:06 | INFO | P02 | ========================
2026-05-13 10:51:06 | INFO | P02 | FUNCTION 4: while loop with counter
2026-05-13 10:51:06 | INFO | P02 | ========================
2026-05-13 10:51:06 | INFO | P02 | Files to create: 3
2026-05-13 10:51:06 | INFO | P02 | Seconds between files: 1
2026-05-13 10:51:06 | INFO | P02 | Wrote file: case_01.txt
2026-05-13 10:51:06 | INFO | P02 | Waiting 1 second(s)...
2026-05-13 10:51:07 | INFO | P02 | Wrote file: case_02.txt
2026-05-13 10:51:07 | INFO | P02 | Waiting 1 second(s)...
2026-05-13 10:51:08 | INFO | P02 | Wrote file: case_03.txt
2026-05-13 10:51:08 | INFO | P02 | Waiting 1 second(s)...
2026-05-13 10:51:09 | INFO | P02 | ========================
2026-05-13 10:51:09 | INFO | P02 | Executed successfully!
2026-05-13 10:51:09 | INFO | P02 | ========================
2026-05-13 10:51:45 | INFO | P02 | === RUN START ===
2026-05-13 10:51:45 | INFO | P02 | project=P02
2026-05-13 10:51:45 | INFO | P02 | repo_dir=datafun-02-automation
2026-05-13 10:51:45 | INFO | P02 | python=3.14.0
2026-05-13 10:51:45 | INFO | P02 | os=Windows 11
2026-05-13 10:51:45 | INFO | P02 | shell=powershell
2026-05-13 10:51:45 | INFO | P02 | cwd=.
2026-05-13 10:51:45 | INFO | P02 | github_actions=False
2026-05-13 10:51:45 | INFO | P02 | ========================
2026-05-13 10:51:45 | INFO | P02 | START main()
2026-05-13 10:51:45 | INFO | P02 | ========================
2026-05-13 10:51:45 | INFO | P02 | ========================
2026-05-13 10:51:45 | INFO | P02 | FUNCTION 1: for loop over a numeric range
2026-05-13 10:51:45 | INFO | P02 | ========================
2026-05-13 10:51:45 | INFO | P02 | First quarter: 1
2026-05-13 10:51:45 | INFO | P02 | Last quarter:  4
2026-05-13 10:51:45 | INFO | P02 | Wrote file: case_quarter_1.txt
2026-05-13 10:51:45 | INFO | P02 | Wrote file: case_quarter_2.txt
2026-05-13 10:51:45 | INFO | P02 | Wrote file: case_quarter_3.txt
2026-05-13 10:51:45 | INFO | P02 | Wrote file: case_quarter_4.txt
2026-05-13 10:51:45 | INFO | P02 | ========================
2026-05-13 10:51:45 | INFO | P02 | FUNCTION 2: for loop over a list
2026-05-13 10:51:45 | INFO | P02 | ========================
2026-05-13 10:51:45 | INFO | P02 | Pet list: ['dog', 'cat', 'fish']
2026-05-13 10:51:45 | INFO | P02 | Wrote file: case_dog.txt
2026-05-13 10:51:45 | INFO | P02 | Wrote file: case_cat.txt
2026-05-13 10:51:45 | INFO | P02 | Wrote file: case_fish.txt
2026-05-13 10:51:45 | INFO | P02 | ========================
2026-05-13 10:51:45 | INFO | P02 | FUNCTION 3: list comprehension
2026-05-13 10:51:45 | INFO | P02 | ========================
2026-05-13 10:51:45 | INFO | P02 | Original list: ['dog', 'cat', 'fish']
2026-05-13 10:51:45 | INFO | P02 | Transformed list: ['favorite_dog', 'favorite_cat', 'favorite_fish']
2026-05-13 10:51:45 | INFO | P02 | Wrote file: case_favorite_dog.txt
2026-05-13 10:51:45 | INFO | P02 | Wrote file: case_favorite_cat.txt
2026-05-13 10:51:45 | INFO | P02 | Wrote file: case_favorite_fish.txt
2026-05-13 10:51:45 | INFO | P02 | ========================
2026-05-13 10:51:45 | INFO | P02 | FUNCTION 4: while loop with counter
2026-05-13 10:51:45 | INFO | P02 | ========================
2026-05-13 10:51:45 | INFO | P02 | Files to create: 3
2026-05-13 10:51:45 | INFO | P02 | Seconds between files: 1
2026-05-13 10:51:45 | INFO | P02 | Wrote file: case_01.txt
2026-05-13 10:51:45 | INFO | P02 | Waiting 1 second(s)...
2026-05-13 10:51:46 | INFO | P02 | Wrote file: case_02.txt
2026-05-13 10:51:46 | INFO | P02 | Waiting 1 second(s)...
2026-05-13 10:51:47 | INFO | P02 | Wrote file: case_03.txt
2026-05-13 10:51:47 | INFO | P02 | Waiting 1 second(s)...
2026-05-13 10:51:48 | INFO | P02 | ========================
2026-05-13 10:51:48 | INFO | P02 | Executed successfully!
2026-05-13 10:51:48 | INFO | P02 | ========================
2026-05-13 10:52:01 | INFO | P02 | === RUN START ===
2026-05-13 10:52:01 | INFO | P02 | project=P02
2026-05-13 10:52:01 | INFO | P02 | repo_dir=datafun-02-automation
2026-05-13 10:52:01 | INFO | P02 | python=3.14.0
2026-05-13 10:52:01 | INFO | P02 | os=Windows 11
2026-05-13 10:52:01 | INFO | P02 | shell=powershell
2026-05-13 10:52:01 | INFO | P02 | cwd=.
2026-05-13 10:52:01 | INFO | P02 | github_actions=False
2026-05-13 10:52:01 | INFO | P02 | ========================
2026-05-13 10:52:01 | INFO | P02 | START main()
2026-05-13 10:52:01 | INFO | P02 | ========================
2026-05-13 10:52:01 | INFO | P02 | ========================
2026-05-13 10:52:01 | INFO | P02 | FUNCTION 1: for loop over a numeric range
2026-05-13 10:52:01 | INFO | P02 | ========================
2026-05-13 10:52:01 | INFO | P02 | First quarter: 1
2026-05-13 10:52:01 | INFO | P02 | Last quarter:  4
2026-05-13 10:52:01 | INFO | P02 | Wrote file: case_quarter_1.txt
2026-05-13 10:52:01 | INFO | P02 | Wrote file: case_quarter_2.txt
2026-05-13 10:52:01 | INFO | P02 | Wrote file: case_quarter_3.txt
2026-05-13 10:52:01 | INFO | P02 | Wrote file: case_quarter_4.txt
2026-05-13 10:52:01 | INFO | P02 | ========================
2026-05-13 10:52:01 | INFO | P02 | FUNCTION 2: for loop over a list
2026-05-13 10:52:01 | INFO | P02 | ========================
2026-05-13 10:52:01 | INFO | P02 | Pet list: ['dog', 'cat', 'fish']
2026-05-13 10:52:01 | INFO | P02 | Wrote file: case_dog.txt
2026-05-13 10:52:01 | INFO | P02 | Wrote file: case_cat.txt
2026-05-13 10:52:01 | INFO | P02 | Wrote file: case_fish.txt
2026-05-13 10:52:01 | INFO | P02 | ========================
2026-05-13 10:52:01 | INFO | P02 | FUNCTION 3: list comprehension
2026-05-13 10:52:01 | INFO | P02 | ========================
2026-05-13 10:52:01 | INFO | P02 | Original list: ['dog', 'cat', 'fish']
2026-05-13 10:52:01 | INFO | P02 | Transformed list: ['favorite_dog', 'favorite_cat', 'favorite_fish']
2026-05-13 10:52:01 | INFO | P02 | Wrote file: case_favorite_dog.txt
2026-05-13 10:52:01 | INFO | P02 | Wrote file: case_favorite_cat.txt
2026-05-13 10:52:01 | INFO | P02 | Wrote file: case_favorite_fish.txt
2026-05-13 10:52:01 | INFO | P02 | ========================
2026-05-13 10:52:01 | INFO | P02 | FUNCTION 4: while loop with counter
2026-05-13 10:52:01 | INFO | P02 | ========================
2026-05-13 10:52:01 | INFO | P02 | Files to create: 3
2026-05-13 10:52:01 | INFO | P02 | Seconds between files: 1
2026-05-13 10:52:01 | INFO | P02 | Wrote file: case_01.txt
2026-05-13 10:52:01 | INFO | P02 | Waiting 1 second(s)...
2026-05-13 10:52:02 | INFO | P02 | Wrote file: case_02.txt
2026-05-13 10:52:02 | INFO | P02 | Waiting 1 second(s)...
2026-05-13 10:52:03 | INFO | P02 | Wrote file: case_03.txt
2026-05-13 10:52:03 | INFO | P02 | Waiting 1 second(s)...
2026-05-13 10:52:04 | INFO | P02 | ========================
2026-05-13 10:52:04 | INFO | P02 | Executed successfully!
2026-05-13 10:52:04 | INFO | P02 | ========================
2026-05-23 16:20:11 | INFO | P02 | === RUN START ===
2026-05-23 16:20:11 | INFO | P02 | project=P02
2026-05-23 16:20:11 | INFO | P02 | repo_dir=datafun-02-automation
2026-05-23 16:20:11 | INFO | P02 | python=3.14.5
2026-05-23 16:20:11 | INFO | P02 | os=Windows 11
2026-05-23 16:20:11 | INFO | P02 | shell=powershell
2026-05-23 16:20:11 | INFO | P02 | cwd=.
2026-05-23 16:20:11 | INFO | P02 | github_actions=False
2026-05-23 16:20:11 | INFO | P02 | ========================
2026-05-23 16:20:11 | INFO | P02 | START main()
2026-05-23 16:20:11 | INFO | P02 | ========================
2026-05-23 16:20:11 | INFO | P02 | ========================
2026-05-23 16:20:11 | INFO | P02 | FUNCTION 1: for loop over a numeric range
2026-05-23 16:20:11 | INFO | P02 | ========================
2026-05-23 16:20:11 | INFO | P02 | First quarter: 1
2026-05-23 16:20:11 | INFO | P02 | Last quarter:  4
2026-05-23 16:20:11 | INFO | P02 | Wrote file: case_quarter_1.txt
2026-05-23 16:20:11 | INFO | P02 | Wrote file: case_quarter_2.txt
2026-05-23 16:20:11 | INFO | P02 | Wrote file: case_quarter_3.txt
2026-05-23 16:20:11 | INFO | P02 | Wrote file: case_quarter_4.txt
2026-05-23 16:20:11 | INFO | P02 | ========================
2026-05-23 16:20:11 | INFO | P02 | FUNCTION 2: for loop over a list
2026-05-23 16:20:11 | INFO | P02 | ========================
2026-05-23 16:20:11 | INFO | P02 | Pet list: ['dog', 'cat', 'fish']
2026-05-23 16:20:11 | INFO | P02 | Wrote file: case_dog.txt
2026-05-23 16:20:11 | INFO | P02 | Wrote file: case_cat.txt
2026-05-23 16:20:11 | INFO | P02 | Wrote file: case_fish.txt
2026-05-23 16:20:11 | INFO | P02 | ========================
2026-05-23 16:20:11 | INFO | P02 | FUNCTION 3: list comprehension
2026-05-23 16:20:11 | INFO | P02 | ========================
2026-05-23 16:20:11 | INFO | P02 | Original list: ['dog', 'cat', 'fish']
2026-05-23 16:20:11 | INFO | P02 | Transformed list: ['favorite_dog', 'favorite_cat', 'favorite_fish']
2026-05-23 16:20:11 | INFO | P02 | Wrote file: case_favorite_dog.txt
2026-05-23 16:20:11 | INFO | P02 | Wrote file: case_favorite_cat.txt
2026-05-23 16:20:11 | INFO | P02 | Wrote file: case_favorite_fish.txt
2026-05-23 16:20:11 | INFO | P02 | ========================
2026-05-23 16:20:11 | INFO | P02 | FUNCTION 4: while loop with counter
2026-05-23 16:20:11 | INFO | P02 | ========================
2026-05-23 16:20:11 | INFO | P02 | Files to create: 3
2026-05-23 16:20:11 | INFO | P02 | Seconds between files: 1
2026-05-23 16:20:11 | INFO | P02 | Wrote file: case_01.txt
2026-05-23 16:20:11 | INFO | P02 | Waiting 1 second(s)...
2026-05-23 16:20:12 | INFO | P02 | Wrote file: case_02.txt
2026-05-23 16:20:12 | INFO | P02 | Waiting 1 second(s)...
2026-05-23 16:20:13 | INFO | P02 | Wrote file: case_03.txt
2026-05-23 16:20:13 | INFO | P02 | Waiting 1 second(s)...
2026-05-23 16:20:14 | INFO | P02 | ========================
2026-05-23 16:20:14 | INFO | P02 | Executed successfully!
2026-05-23 16:20:14 | INFO | P02 | ========================
2026-05-23 16:46:37 | INFO | P02 | === RUN START ===
2026-05-23 16:46:37 | INFO | P02 | project=P02
2026-05-23 16:46:37 | INFO | P02 | repo_dir=datafun-02-automation
2026-05-23 16:46:37 | INFO | P02 | python=3.14.5
2026-05-23 16:46:37 | INFO | P02 | os=Windows 11
2026-05-23 16:46:37 | INFO | P02 | shell=powershell
2026-05-23 16:46:37 | INFO | P02 | cwd=.
2026-05-23 16:46:37 | INFO | P02 | github_actions=False
2026-05-23 16:46:37 | INFO | P02 | ========================
2026-05-23 16:46:37 | INFO | P02 | START main()
2026-05-23 16:46:37 | INFO | P02 | ========================
2026-05-23 16:46:37 | INFO | P02 | ========================
2026-05-23 16:46:37 | INFO | P02 | FUNCTION 1: for loop over a numeric range
2026-05-23 16:46:37 | INFO | P02 | ========================
2026-05-23 16:46:37 | INFO | P02 | First quarter: 1
2026-05-23 16:46:37 | INFO | P02 | Last quarter:  4
2026-05-23 16:46:37 | INFO | P02 | Wrote file: case_quarter_1.txt
2026-05-23 16:46:37 | INFO | P02 | Wrote file: case_quarter_2.txt
2026-05-23 16:46:37 | INFO | P02 | Wrote file: case_quarter_3.txt
2026-05-23 16:46:37 | INFO | P02 | Wrote file: case_quarter_4.txt
2026-05-23 16:46:37 | INFO | P02 | ========================
2026-05-23 16:46:37 | INFO | P02 | FUNCTION 2: for loop over a list
2026-05-23 16:46:37 | INFO | P02 | ========================
2026-05-23 16:46:37 | INFO | P02 | Pet list: ['dog', 'cat', 'fish']
2026-05-23 16:46:37 | INFO | P02 | Wrote file: case_dog.txt
2026-05-23 16:46:37 | INFO | P02 | Wrote file: case_cat.txt
2026-05-23 16:46:37 | INFO | P02 | Wrote file: case_fish.txt
2026-05-23 16:46:37 | INFO | P02 | ========================
2026-05-23 16:46:37 | INFO | P02 | FUNCTION 3: list comprehension
2026-05-23 16:46:37 | INFO | P02 | ========================
2026-05-23 16:46:37 | INFO | P02 | Original list: ['dog', 'cat', 'fish']
2026-05-23 16:46:37 | INFO | P02 | Transformed list: ['favorite_dog', 'favorite_cat', 'favorite_fish']
2026-05-23 16:46:37 | INFO | P02 | Wrote file: case_favorite_dog.txt
2026-05-23 16:46:37 | INFO | P02 | Wrote file: case_favorite_cat.txt
2026-05-23 16:46:37 | INFO | P02 | Wrote file: case_favorite_fish.txt
2026-05-23 16:46:37 | INFO | P02 | ========================
2026-05-23 16:46:37 | INFO | P02 | FUNCTION 4: while loop with counter
2026-05-23 16:46:37 | INFO | P02 | ========================
2026-05-23 16:46:37 | INFO | P02 | Files to create: 3
2026-05-23 16:46:37 | INFO | P02 | Seconds between files: 1
2026-05-23 16:46:37 | INFO | P02 | Wrote file: case_01.txt
2026-05-23 16:46:37 | INFO | P02 | Waiting 1 second(s)...
2026-05-23 16:46:38 | INFO | P02 | Wrote file: case_02.txt
2026-05-23 16:46:38 | INFO | P02 | Waiting 1 second(s)...
2026-05-23 16:46:39 | INFO | P02 | Wrote file: case_03.txt
2026-05-23 16:46:39 | INFO | P02 | Waiting 1 second(s)...
2026-05-23 16:46:40 | INFO | P02 | ========================
2026-05-23 16:46:40 | INFO | P02 | Executed successfully!
2026-05-23 16:46:40 | INFO | P02 | ========================
2026-05-23 17:33:45 | INFO | __main__ | === START JUSTICE ARMY AUTOMATION ===
2026-05-23 17:33:45 | INFO | __main__ | FUNCTION 1: Daily training logs
2026-05-23 17:33:45 | INFO | __main__ | Wrote file: justice_training_day_1.txt
2026-05-23 17:33:45 | INFO | __main__ | Wrote file: justice_training_day_2.txt
2026-05-23 17:33:45 | INFO | __main__ | Wrote file: justice_training_day_3.txt
2026-05-23 17:33:45 | INFO | __main__ | FUNCTION 2: Army task logs
2026-05-23 17:33:45 | INFO | __main__ | Wrote file: justice_inventory.txt
2026-05-23 17:33:45 | INFO | __main__ | Wrote file: justice_training.txt
2026-05-23 17:33:45 | INFO | __main__ | Wrote file: justice_maintenance.txt
2026-05-23 17:33:45 | INFO | __main__ | FUNCTION 3: Completed task logs
2026-05-23 17:33:45 | INFO | __main__ | Wrote file: justice_completed_inventory.txt
2026-05-23 17:33:45 | INFO | __main__ | Wrote file: justice_completed_training.txt
2026-05-23 17:33:45 | INFO | __main__ | Wrote file: justice_completed_maintenance.txt
2026-05-23 17:33:45 | INFO | __main__ | FUNCTION 4: Duty cycle logs
2026-05-23 17:33:45 | INFO | __main__ | Wrote file: justice_duty_01.txt
2026-05-23 17:33:46 | INFO | __main__ | Wrote file: justice_duty_02.txt
2026-05-23 17:33:47 | INFO | __main__ | Wrote file: justice_duty_03.txt
2026-05-23 17:33:48 | INFO | __main__ | === END JUSTICE ARMY AUTOMATION ===
2026-05-24 03:12:11 | INFO | __main__ | === START JUSTICE ARMY AUTOMATION ===
2026-05-24 03:12:11 | INFO | __main__ | FUNCTION 1: Daily training logs
2026-05-24 03:12:11 | INFO | __main__ | Wrote file: justice_training_day_1.txt
2026-05-24 03:12:11 | INFO | __main__ | Wrote file: justice_training_day_2.txt
2026-05-24 03:12:11 | INFO | __main__ | Wrote file: justice_training_day_3.txt
2026-05-24 03:12:11 | INFO | __main__ | FUNCTION 2: Army task logs
2026-05-24 03:12:11 | INFO | __main__ | Wrote file: justice_inventory.txt
2026-05-24 03:12:11 | INFO | __main__ | Wrote file: justice_training.txt
2026-05-24 03:12:11 | INFO | __main__ | Wrote file: justice_maintenance.txt
2026-05-24 03:12:11 | INFO | __main__ | FUNCTION 3: Completed task logs
2026-05-24 03:12:11 | INFO | __main__ | Wrote file: justice_completed_inventory.txt
2026-05-24 03:12:11 | INFO | __main__ | Wrote file: justice_completed_training.txt
2026-05-24 03:12:11 | INFO | __main__ | Wrote file: justice_completed_maintenance.txt
2026-05-24 03:12:11 | INFO | __main__ | FUNCTION 4: Duty cycle logs
2026-05-24 03:12:11 | INFO | __main__ | Wrote file: justice_duty_01.txt
2026-05-24 03:12:12 | INFO | __main__ | Wrote file: justice_duty_02.txt
2026-05-24 03:12:13 | INFO | __main__ | Wrote file: justice_duty_03.txt
2026-05-24 03:12:14 | INFO | __main__ | === END JUSTICE ARMY AUTOMATION ===
2026-05-24 03:28:13,212 [INFO] __main__: === START JUSTICE ARMY AUTOMATION ===
2026-05-24 03:28:13,212 [INFO] __main__: FUNCTION 1: Daily training logs
2026-05-24 03:28:13,213 [INFO] __main__: Wrote file: justice_training_day_1.txt
2026-05-24 03:28:13,214 [INFO] __main__: Wrote file: justice_training_day_2.txt
2026-05-24 03:28:13,215 [INFO] __main__: Wrote file: justice_training_day_3.txt
2026-05-24 03:28:13,215 [INFO] __main__: FUNCTION 2: Army task logs
2026-05-24 03:28:13,216 [INFO] __main__: Wrote file: justice_inventory.txt
2026-05-24 03:28:13,217 [INFO] __main__: Wrote file: justice_training.txt
2026-05-24 03:28:13,218 [INFO] __main__: Wrote file: justice_maintenance.txt
2026-05-24 03:28:13,218 [INFO] __main__: FUNCTION 3: Completed task logs
2026-05-24 03:28:13,220 [INFO] __main__: Wrote file: justice_completed_inventory.txt
2026-05-24 03:28:13,221 [INFO] __main__: Wrote file: justice_completed_training.txt
2026-05-24 03:28:13,222 [INFO] __main__: Wrote file: justice_completed_maintenance.txt
2026-05-24 03:28:13,222 [INFO] __main__: FUNCTION 4: Duty cycle logs
2026-05-24 03:28:13,223 [INFO] __main__: Wrote file: justice_duty_01.txt
2026-05-24 03:28:14,225 [INFO] __main__: Wrote file: justice_duty_02.txt
2026-05-24 03:28:15,231 [INFO] __main__: Wrote file: justice_duty_03.txt
2026-05-24 03:28:16,232 [INFO] __main__: === END JUSTICE ARMY AUTOMATION ===
2026-05-24 03:33:35,580 [INFO] __main__: === START JUSTICE ARMY AUTOMATION ===
2026-05-24 03:33:35,580 [INFO] __main__: FUNCTION 1: Daily training logs
2026-05-24 03:33:35,581 [INFO] __main__: Wrote file: justice_training_day_1.txt
2026-05-24 03:33:35,581 [INFO] __main__: Wrote file: justice_training_day_2.txt
2026-05-24 03:33:35,582 [INFO] __main__: Wrote file: justice_training_day_3.txt
2026-05-24 03:33:35,583 [INFO] __main__: FUNCTION 2: Army task logs
2026-05-24 03:33:35,583 [INFO] __main__: Wrote file: justice_inventory.txt
2026-05-24 03:33:35,584 [INFO] __main__: Wrote file: justice_training.txt
2026-05-24 03:33:35,585 [INFO] __main__: Wrote file: justice_maintenance.txt
2026-05-24 03:33:35,585 [INFO] __main__: FUNCTION 3: Completed task logs
2026-05-24 03:33:35,586 [INFO] __main__: Wrote file: justice_completed_inventory.txt
2026-05-24 03:33:35,587 [INFO] __main__: Wrote file: justice_completed_training.txt
2026-05-24 03:33:35,588 [INFO] __main__: Wrote file: justice_completed_maintenance.txt
2026-05-24 03:33:35,589 [INFO] __main__: FUNCTION 4: Duty cycle logs
2026-05-24 03:33:35,590 [INFO] __main__: Wrote file: justice_duty_01.txt
2026-05-24 03:33:36,591 [INFO] __main__: Wrote file: justice_duty_02.txt
2026-05-24 03:33:37,594 [INFO] __main__: Wrote file: justice_duty_03.txt
2026-05-24 03:33:38,596 [INFO] __main__: === END JUSTICE ARMY AUTOMATION ===
